<?xml version="1.0" encoding="UTF-8"?>
<!-- Generated by org.testng.reporters.JUnitXMLReporter -->
<testsuite ignored="2" hostname="DESKTOP-1KRHALU" failures="0" tests="1" name="WorksheetFirefox" time="39.726" errors="0" timestamp="18 Sep 2020 17:20:57 GMT">
  <testcase classname="io.cucumber.testng.AbstractTestNGCucumberTests" name="runScenario" time="27.17"/>
  <testcase classname="utilities.TestBase" name="@BeforeTest WebInit" time="0.0">
    <ignored/>
  </testcase> <!-- @BeforeTest WebInit -->
  <testcase classname="utilities.TestBase" name="@BeforeTest WebInit" time="0.0">
    <ignored/>
  </testcase> <!-- @BeforeTest WebInit -->
</testsuite> <!-- WorksheetFirefox -->
