<?xml version="1.0" encoding="UTF-8"?>
<!-- Generated by org.testng.reporters.JUnitXMLReporter -->
<testsuite ignored="2" hostname="DESKTOP-1KRHALU" failures="1" tests="1" name="Worksheetquestions" time="30.021" errors="0" timestamp="18 Sep 2020 16:48:13 GMT">
  <testcase classname="utilities.TestBase" name="@AfterTest closedriver" time="0.0">
    <failure type="java.lang.NullPointerException">
      <![CDATA[java.lang.NullPointerException
at utilities.TestBase.closedriver(TestBase.java:66)
at java.base/java.util.concurrent.FutureTask.run(FutureTask.java:264)
at java.base/java.util.concurrent.ThreadPoolExecutor.runWorker(ThreadPoolExecutor.java:1135)
at java.base/java.util.concurrent.ThreadPoolExecutor$Worker.run(ThreadPoolExecutor.java:635)
at java.base/java.lang.Thread.run(Thread.java:844)
... Removed 15 stack frames]]>
    </failure>
  </testcase> <!-- @AfterTest closedriver -->
  <testcase classname="io.cucumber.testng.AbstractTestNGCucumberTests" name="runScenario" time="0.279">
    <failure type="java.lang.NullPointerException">
      <![CDATA[java.lang.NullPointerException
at utilities.TestBase.openWebsite(TestBase.java:71)
at stepDef.LessonWorksheetSteps.nagwa_website_is_opened(LessonWorksheetSteps.java:23)
at ✽.Nagwa website is opened(file:///D:/Engineering/CoursesTrial/Testing/Selenium/NagwaWebsite/src/test/java/features/lessonWorksheet.feature:5)
]]>
    </failure>
  </testcase> <!-- runScenario -->
  <testcase classname="utilities.TestBase" name="@BeforeTest WebInit" time="0.0">
    <ignored/>
  </testcase> <!-- @BeforeTest WebInit -->
  <testcase classname="utilities.TestBase" name="@BeforeTest WebInit" time="0.0">
    <ignored/>
  </testcase> <!-- @BeforeTest WebInit -->
</testsuite> <!-- Worksheetquestions -->
