<?xml version="1.0" encoding="UTF-8"?>
<!-- Generated by org.testng.reporters.JUnitXMLReporter -->
<testsuite hostname="IT3ANCVR" ignored="2" name="WorksheetChrome" tests="1" failures="0" timestamp="18 Sep 2020 19:22:32 GMT" time="12.795" errors="0">
  <testcase name="runScenario" time="8.469" classname="io.cucumber.testng.AbstractTestNGCucumberTests"/>
  <testcase name="@BeforeTest WebInit" time="0.0" classname="utilities.TestBase">
    <ignored/>
  </testcase> <!-- @BeforeTest WebInit -->
  <testcase name="@BeforeTest WebInit" time="0.0" classname="utilities.TestBase">
    <ignored/>
  </testcase> <!-- @BeforeTest WebInit -->
</testsuite> <!-- WorksheetChrome -->
