<?xml version="1.0" encoding="UTF-8"?>
<!-- Generated by org.testng.reporters.JUnitXMLReporter -->
<testsuite hostname="IT3ANCVR" ignored="0" name="Default test" tests="1" failures="1" timestamp="18 Sep 2020 15:00:08 GMT" time="6.363" errors="0">
  <testcase name="runScenario" time="3.176" classname="io.cucumber.testng.AbstractTestNGCucumberTests">
    <failure type="java.lang.NullPointerException">
      <![CDATA[java.lang.NullPointerException
at pages.Home.clickEnglish(Home.java:27)
at stepDef.LessonWorksheetSteps.i_choose_a_language_to_open_the_home_page(LessonWorksheetSteps.java:20)
at ✽.I choose a language to open the home page(file:///D:/Automation/NagwaWebsite/src/test/java/features/lessonWorksheet.feature:6)
]]>
    </failure>
  </testcase> <!-- runScenario -->
</testsuite> <!-- Default test -->
