<?xml version="1.0" encoding="UTF-8"?>
<testng-results skipped="0" failed="0" ignored="2" total="3" passed="1">
  <reporter-output>
  </reporter-output>
  <suite name="NagwaWebsite" duration-ms="12795" started-at="2020-09-18T19:22:20Z" finished-at="2020-09-18T19:22:32Z">
    <groups>
      <group name="cucumber">
        <method signature="AbstractTestNGCucumberTests.runScenario(io.cucumber.testng.PickleWrapper, io.cucumber.testng.FeatureWrapper)[pri:0, instance:pages.PageObject@4f970963]" name="runScenario" class="io.cucumber.testng.AbstractTestNGCucumberTests"/>
        <method signature="AbstractTestNGCucumberTests.runScenario(io.cucumber.testng.PickleWrapper, io.cucumber.testng.FeatureWrapper)[pri:0, instance:testRunner.LessonWorksheetRunner@7fac631b]" name="runScenario" class="io.cucumber.testng.AbstractTestNGCucumberTests"/>
        <method signature="AbstractTestNGCucumberTests.runScenario(io.cucumber.testng.PickleWrapper, io.cucumber.testng.FeatureWrapper)[pri:0, instance:utilities.TestBase@61f8bee4]" name="runScenario" class="io.cucumber.testng.AbstractTestNGCucumberTests"/>
      </group> <!-- cucumber -->
    </groups>
    <test name="WorksheetChrome" duration-ms="12795" started-at="2020-09-18T19:22:20Z" finished-at="2020-09-18T19:22:32Z">
      <class name="utilities.ExtentReport">
        <test-method status="PASS" signature="endReport()[pri:0, instance:utilities.ExtentReport@7b49cea0]" name="endReport" is-config="true" duration-ms="205" started-at="2020-09-18T19:22:31Z" finished-at="2020-09-18T19:22:32Z">
          <reporter-output>
          </reporter-output>
        </test-method> <!-- endReport -->
        <test-method status="PASS" signature="closedriver()[pri:0, instance:utilities.TestBase@61f8bee4]" name="closedriver" is-config="true" duration-ms="759" started-at="2020-09-18T19:22:32Z" finished-at="2020-09-18T19:22:32Z">
          <reporter-output>
          </reporter-output>
        </test-method> <!-- closedriver -->
      </class> <!-- utilities.ExtentReport -->
      <class name="pages.PageObject">
        <test-method status="PASS" signature="setUpClass()[pri:0, instance:pages.PageObject@4f970963]" name="setUpClass" is-config="true" duration-ms="4" started-at="2020-09-18T19:22:22Z" finished-at="2020-09-18T19:22:22Z">
          <reporter-output>
          </reporter-output>
        </test-method> <!-- setUpClass -->
        <test-method status="PASS" signature="tearDownClass()[pri:0, instance:pages.PageObject@4f970963]" name="tearDownClass" is-config="true" duration-ms="1" started-at="2020-09-18T19:22:22Z" finished-at="2020-09-18T19:22:22Z">
          <reporter-output>
          </reporter-output>
        </test-method> <!-- tearDownClass -->
      </class> <!-- pages.PageObject -->
      <class name="testRunner.LessonWorksheetRunner">
        <test-method status="PASS" signature="setUpClass()[pri:0, instance:testRunner.LessonWorksheetRunner@7fac631b]" name="setUpClass" is-config="true" duration-ms="546" started-at="2020-09-18T19:22:22Z" finished-at="2020-09-18T19:22:23Z">
          <reporter-output>
          </reporter-output>
        </test-method> <!-- setUpClass -->
        <test-method status="PASS" signature="runScenario(io.cucumber.testng.PickleWrapper, io.cucumber.testng.FeatureWrapper)[pri:0, instance:testRunner.LessonWorksheetRunner@7fac631b]" name="runScenario" duration-ms="8469" started-at="2020-09-18T19:22:23Z" description="Runs Cucumber Scenarios" data-provider="scenarios" finished-at="2020-09-18T19:22:31Z">
          <params>
            <param index="0">
              <value>
                <![CDATA["Check number of question in a specific lesson worksheet"]]>
              </value>
            </param>
            <param index="1">
              <value>
                <![CDATA["Optional[Lesson worksheet]"]]>
              </value>
            </param>
          </params>
          <reporter-output>
          </reporter-output>
        </test-method> <!-- runScenario -->
        <test-method status="PASS" signature="tearDownClass()[pri:0, instance:testRunner.LessonWorksheetRunner@7fac631b]" name="tearDownClass" is-config="true" duration-ms="45" started-at="2020-09-18T19:22:31Z" finished-at="2020-09-18T19:22:31Z">
          <reporter-output>
          </reporter-output>
        </test-method> <!-- tearDownClass -->
      </class> <!-- testRunner.LessonWorksheetRunner -->
      <class name="utilities.TestBase">
        <test-method status="PASS" signature="WebInit(java.lang.String)[pri:0, instance:utilities.TestBase@61f8bee4]" name="WebInit" is-config="true" duration-ms="2478" started-at="2020-09-18T19:22:20Z" finished-at="2020-09-18T19:22:22Z">
          <params>
            <param index="0">
              <value>
                <![CDATA[Chrome]]>
              </value>
            </param>
          </params>
          <reporter-output>
          </reporter-output>
        </test-method> <!-- WebInit -->
        <test-method status="PASS" signature="PageFactoryObject()[pri:0, instance:pages.PageObject@4f970963]" name="PageFactoryObject" is-config="true" duration-ms="33" started-at="2020-09-18T19:22:22Z" depends-on-methods="utilities.TestBase.WebInit" finished-at="2020-09-18T19:22:22Z">
          <reporter-output>
          </reporter-output>
        </test-method> <!-- PageFactoryObject -->
        <test-method status="PASS" signature="startReport(java.lang.String)[pri:0, instance:utilities.ExtentReport@7b49cea0]" name="startReport" is-config="true" duration-ms="109" started-at="2020-09-18T19:22:22Z" finished-at="2020-09-18T19:22:22Z">
          <params>
            <param index="0">
              <value>
                <![CDATA[WorksheetChrome]]>
              </value>
            </param>
          </params>
          <reporter-output>
          </reporter-output>
        </test-method> <!-- startReport -->
        <test-method status="PASS" signature="setUpClass()[pri:0, instance:utilities.TestBase@61f8bee4]" name="setUpClass" is-config="true" duration-ms="116" started-at="2020-09-18T19:22:22Z" finished-at="2020-09-18T19:22:22Z">
          <reporter-output>
          </reporter-output>
        </test-method> <!-- setUpClass -->
        <test-method status="PASS" signature="tearDownClass()[pri:0, instance:utilities.TestBase@61f8bee4]" name="tearDownClass" is-config="true" duration-ms="4" started-at="2020-09-18T19:22:22Z" finished-at="2020-09-18T19:22:22Z">
          <reporter-output>
          </reporter-output>
        </test-method> <!-- tearDownClass -->
      </class> <!-- utilities.TestBase -->
    </test> <!-- WorksheetChrome -->
  </suite> <!-- NagwaWebsite -->
</testng-results>
